# project  configured on Sun Nov  1 20:04:57 2015 by
# waf 1.7.11 (abi 98, python 2070af0 on darwin)
# using /usr/local/Cellar/pebble-sdk/3.6/Pebble/waf configure
#
----------------------------------------
Setting top to
/Users/masahiko/Programs/pebble/tutorial_part_1
----------------------------------------
Setting out to
/Users/masahiko/Programs/pebble/tutorial_part_1/build
----------------------------------------
Found Pebble SDK for chalk in:
/usr/local/Cellar/pebble-sdk/3.6/Pebble/chalk
----------------------------------------
Checking for program gcc,cc
arm-none-eabi-gcc
find program=['gcc', 'cc'] paths='' var='CC' -> 'arm-none-eabi-gcc'
----------------------------------------
Checking for program ar
arm-none-eabi-gcc-ar
find program=['ar'] paths='' var='AR' -> 'arm-none-eabi-gcc-ar'
----------------------------------------
Found Pebble SDK for basalt in:
/usr/local/Cellar/pebble-sdk/3.6/Pebble/basalt
----------------------------------------
Checking for program gcc,cc
arm-none-eabi-gcc
find program=['gcc', 'cc'] paths='' var='CC' -> 'arm-none-eabi-gcc'
----------------------------------------
Checking for program ar
arm-none-eabi-gcc-ar
find program=['ar'] paths='' var='AR' -> 'arm-none-eabi-gcc-ar'
----------------------------------------
Found Pebble SDK for aplite in:
/usr/local/Cellar/pebble-sdk/3.6/Pebble/aplite
----------------------------------------
Checking for program gcc,cc
arm-none-eabi-gcc
find program=['gcc', 'cc'] paths='' var='CC' -> 'arm-none-eabi-gcc'
----------------------------------------
Checking for program ar
arm-none-eabi-gcc-ar
find program=['ar'] paths='' var='AR' -> 'arm-none-eabi-gcc-ar'
